<?xml version="1.0" encoding="UTF-8"?>
<testsuite name="| #78K4 | Snowman Magic | Pre-K-1 | by Katherine Tegen | 12.99 |" time="0.015" tests="20" errors="0" skipped="0" failures="0">
  <properties>
    <property name="java.runtime.name" value="Java(TM) SE Runtime Environment"/>
    <property name="sun.boot.library.path" value="C:\Program Files\Java\jdk1.8.0_65\jre\bin"/>
    <property name="java.vm.version" value="25.65-b01"/>
    <property name="java.vm.vendor" value="Oracle Corporation"/>
    <property name="maven.multiModuleProjectDirectory" value="c:\workspace\CoolApplication"/>
    <property name="java.vendor.url" value="http://java.oracle.com/"/>
    <property name="path.separator" value=";"/>
    <property name="guice.disable.misplaced.annotation.check" value="true"/>
    <property name="java.vm.name" value="Java HotSpot(TM) 64-Bit Server VM"/>
    <property name="file.encoding.pkg" value="sun.io"/>
    <property name="user.script" value=""/>
    <property name="user.country" value="US"/>
    <property name="sun.java.launcher" value="SUN_STANDARD"/>
    <property name="sun.os.patch.level" value=""/>
    <property name="java.vm.specification.name" value="Java Virtual Machine Specification"/>
    <property name="user.dir" value="c:\workspace\CoolApplication"/>
    <property name="java.runtime.version" value="1.8.0_65-b17"/>
    <property name="java.awt.graphicsenv" value="sun.awt.Win32GraphicsEnvironment"/>
    <property name="java.endorsed.dirs" value="C:\Program Files\Java\jdk1.8.0_65\jre\lib\endorsed"/>
    <property name="os.arch" value="amd64"/>
    <property name="java.io.tmpdir" value="C:\Users\MATISH~1.PAT\AppData\Local\Temp\"/>
    <property name="line.separator" value="&#10;"/>
    <property name="java.vm.specification.vendor" value="Oracle Corporation"/>
    <property name="user.variant" value=""/>
    <property name="os.name" value="Windows 8"/>
    <property name="classworlds.conf" value="C:\apache-maven-3.3.9\bin\m2.conf"/>
    <property name="sun.jnu.encoding" value="Cp1252"/>
    <property name="java.library.path" value="C:\Program Files\Java\jdk1.8.0_65\bin;C:\Windows\Sun\Java\bin;C:\Windows\system32;C:\Windows;C:/Program Files/Java/jre1.8.0_65/bin/server;C:/Program Files/Java/jre1.8.0_65/bin;C:/Program Files/Java/jre1.8.0_65/lib/amd64;C:\ProgramData\Oracle\Java\javapath;C:\Windows\system32;C:\Windows;C:\Windows\System32\Wbem;C:\Windows\System32\WindowsPowerShell\v1.0\; C:\Program Files\Java\jdk1.8.0_65\bin;C:\Program Files\MySQL\MySQL Enterprise Backup 4.0\;C:\Program Files (x86)\Skype\Phone\;C:\apache-maven-3.3.9\bin;;C:\eclipse;;."/>
    <property name="java.specification.name" value="Java Platform API Specification"/>
    <property name="java.class.version" value="52.0"/>
    <property name="sun.management.compiler" value="HotSpot 64-Bit Tiered Compilers"/>
    <property name="os.version" value="6.2"/>
    <property name="user.home" value="C:\Users\matish.patil"/>
    <property name="user.timezone" value="Asia/Calcutta"/>
    <property name="java.awt.printerjob" value="sun.awt.windows.WPrinterJob"/>
    <property name="java.specification.version" value="1.8"/>
    <property name="file.encoding" value="Cp1252"/>
    <property name="user.name" value="matish.patil"/>
    <property name="java.class.path" value="C:\apache-maven-3.3.9\boot\plexus-classworlds-2.5.2.jar"/>
    <property name="java.vm.specification.version" value="1.8"/>
    <property name="sun.arch.data.model" value="64"/>
    <property name="java.home" value="C:\Program Files\Java\jdk1.8.0_65\jre"/>
    <property name="sun.java.command" value="org.codehaus.plexus.classworlds.launcher.Launcher clean install"/>
    <property name="java.specification.vendor" value="Oracle Corporation"/>
    <property name="user.language" value="en"/>
    <property name="awt.toolkit" value="sun.awt.windows.WToolkit"/>
    <property name="java.vm.info" value="mixed mode"/>
    <property name="java.version" value="1.8.0_65"/>
    <property name="java.ext.dirs" value="C:\Program Files\Java\jdk1.8.0_65\jre\lib\ext;C:\Windows\Sun\Java\lib\ext"/>
    <property name="sun.boot.class.path" value="C:\Program Files\Java\jdk1.8.0_65\jre\lib\resources.jar;C:\Program Files\Java\jdk1.8.0_65\jre\lib\rt.jar;C:\Program Files\Java\jdk1.8.0_65\jre\lib\sunrsasign.jar;C:\Program Files\Java\jdk1.8.0_65\jre\lib\jsse.jar;C:\Program Files\Java\jdk1.8.0_65\jre\lib\jce.jar;C:\Program Files\Java\jdk1.8.0_65\jre\lib\charsets.jar;C:\Program Files\Java\jdk1.8.0_65\jre\lib\jfr.jar;C:\Program Files\Java\jdk1.8.0_65\jre\classes"/>
    <property name="sun.stderr.encoding" value="cp437"/>
    <property name="java.vendor" value="Oracle Corporation"/>
    <property name="maven.home" value="C:\apache-maven-3.3.9"/>
    <property name="file.separator" value="\"/>
    <property name="java.vendor.url.bug" value="http://bugreport.sun.com/bugreport/"/>
    <property name="sun.cpu.endian" value="little"/>
    <property name="sun.io.unicode.encoding" value="UnicodeLittle"/>
    <property name="sun.stdout.encoding" value="cp437"/>
    <property name="sun.desktop" value="windows"/>
    <property name="sun.cpu.isalist" value="amd64"/>
  </properties>
  <testcase name="Given A Parent Who is logged-in" classname="| #35G4 | Harry Potter and the Sorcerer’s Stone: Illustrated Edition | 3-7 | by J.K. Rowling | 39.99 |" time="0"/>
  <testcase name="When the parent searches for &quot;#35G4&quot;" classname="| #35G4 | Harry Potter and the Sorcerer’s Stone: Illustrated Edition | 3-7 | by J.K. Rowling | 39.99 |" time="0"/>
  <testcase name="Then the parent should be presented with the &quot;Harry Potter and the Sorcerer’s Stone: Illustrated Edition&quot;, &quot;3-7&quot;, &quot;by J.K. Rowling&quot;, &quot;39.99&quot;" classname="| #35G4 | Harry Potter and the Sorcerer’s Stone: Illustrated Edition | 3-7 | by J.K. Rowling | 39.99 |" time="0"/>
  <testcase name="| #35G4 | Harry Potter and the Sorcerer’s Stone: Illustrated Edition | 3-7 | by J.K. Rowling | 39.99 |" classname="| #35G4 | Harry Potter and the Sorcerer’s Stone: Illustrated Edition | 3-7 | by J.K. Rowling | 39.99 |" time="0"/>
  <testcase name="Given A Parent Who is logged-in" classname="| #14L5 | Old School | 3-7 | Jeff Kinney | 13.95 |" time="0"/>
  <testcase name="When the parent searches for &quot;#14L5&quot;" classname="| #14L5 | Old School | 3-7 | Jeff Kinney | 13.95 |" time="0"/>
  <testcase name="Then the parent should be presented with the &quot;Old School&quot;, &quot;3-7&quot;, &quot;Jeff Kinney&quot;, &quot;13.95&quot;" classname="| #14L5 | Old School | 3-7 | Jeff Kinney | 13.95 |" time="0"/>
  <testcase name="| #14L5 | Old School | 3-7 | Jeff Kinney | 13.95 |" classname="| #14L5 | Old School | 3-7 | Jeff Kinney | 13.95 |" time="0.015"/>
  <testcase name="Given A Parent Who is logged-in" classname="| #44T4 | The Marvels | 4-7 | by Brian Selznick | 32.99 |" time="0"/>
  <testcase name="When the parent searches for &quot;#44T4&quot;" classname="| #44T4 | The Marvels | 4-7 | by Brian Selznick | 32.99 |" time="0"/>
  <testcase name="Then the parent should be presented with the &quot;The Marvels&quot;, &quot;4-7&quot;, &quot;by Brian Selznick&quot;, &quot;32.99&quot;" classname="| #44T4 | The Marvels | 4-7 | by Brian Selznick | 32.99 |" time="0"/>
  <testcase name="| #44T4 | The Marvels | 4-7 | by Brian Selznick | 32.99 |" classname="| #44T4 | The Marvels | 4-7 | by Brian Selznick | 32.99 |" time="0"/>
  <testcase name="Given A Parent Who is logged-in" classname="| #21B4 | Flip and Flop | Pre-K-2 | by Dawn Apperley | 12.95 |" time="0"/>
  <testcase name="When the parent searches for &quot;#21B4&quot;" classname="| #21B4 | Flip and Flop | Pre-K-2 | by Dawn Apperley | 12.95 |" time="0"/>
  <testcase name="Then the parent should be presented with the &quot;Flip and Flop&quot;, &quot;Pre-K-2&quot;, &quot;by Dawn Apperley&quot;, &quot;12.95&quot;" classname="| #21B4 | Flip and Flop | Pre-K-2 | by Dawn Apperley | 12.95 |" time="0"/>
  <testcase name="| #21B4 | Flip and Flop | Pre-K-2 | by Dawn Apperley | 12.95 |" classname="| #21B4 | Flip and Flop | Pre-K-2 | by Dawn Apperley | 12.95 |" time="0"/>
  <testcase name="Given A Parent Who is logged-in" classname="| #78K4 | Snowman Magic | Pre-K-1 | by Katherine Tegen | 12.99 |" time="0"/>
  <testcase name="When the parent searches for &quot;#78K4&quot;" classname="| #78K4 | Snowman Magic | Pre-K-1 | by Katherine Tegen | 12.99 |" time="0"/>
  <testcase name="Then the parent should be presented with the &quot;Snowman Magic&quot;, &quot;Pre-K-1&quot;, &quot;by Katherine Tegen&quot;, &quot;12.99&quot;" classname="| #78K4 | Snowman Magic | Pre-K-1 | by Katherine Tegen | 12.99 |" time="0"/>
  <testcase name="| #78K4 | Snowman Magic | Pre-K-1 | by Katherine Tegen | 12.99 |" classname="| #78K4 | Snowman Magic | Pre-K-1 | by Katherine Tegen | 12.99 |" time="0"/>
</testsuite>